2018-06-22 12:25:19  [ main:1 ] - [ ERROR ]  error message
2018-06-22 12:25:19  [ main:1 ] - [ WARN ]  warn message
2018-06-22 12:26:31  [ main:1 ] - [ ERROR ]  error message
2018-06-22 12:26:31  [ main:1 ] - [ WARN ]  warn message
2018-06-22 12:26:47  [ main:0 ] - [ ERROR ]  error message
2018-06-22 12:26:47  [ main:0 ] - [ WARN ]  warn message
2018-06-26 19:03:23  [ localhost-startStop-1:44257 ] - [ ERROR ]  invalid oracle validationQuery. SELECT 1, may should be : SELECT 1 FROM DUAL
2018-06-26 19:03:25  [ localhost-startStop-1:46021 ] - [ ERROR ]  Error while adding the mapper 'interface com.junyu.mapper.CompareSuccessMapper' to configuration.
java.lang.NoClassDefFoundError: CompareSuccess
	at java.lang.Class.getDeclaredMethods0(Native Method)
	at java.lang.Class.privateGetDeclaredMethods(Class.java:2625)
	at java.lang.Class.privateGetPublicMethods(Class.java:2743)
	at java.lang.Class.getMethods(Class.java:1480)
	at org.apache.ibatis.builder.annotation.MapperAnnotationBuilder.parse(MapperAnnotationBuilder.java:123)
	at org.apache.ibatis.binding.MapperRegistry.addMapper(MapperRegistry.java:71)
	at org.apache.ibatis.session.Configuration.addMapper(Configuration.java:651)
	at org.mybatis.spring.mapper.MapperFactoryBean.checkDaoConfig(MapperFactoryBean.java:97)
	at org.springframework.dao.support.DaoSupport.afterPropertiesSet(DaoSupport.java:44)
	at org.springframework.beans.factory.support.AbstractAutowireCapableBeanFactory.invokeInitMethods(AbstractAutowireCapableBeanFactory.java:1625)
	at org.springframework.beans.factory.support.AbstractAutowireCapableBeanFactory.initializeBean(AbstractAutowireCapableBeanFactory.java:1562)
	at org.springframework.beans.factory.support.AbstractAutowireCapableBeanFactory.doCreateBean(AbstractAutowireCapableBeanFactory.java:539)
	at org.springframework.beans.factory.support.AbstractAutowireCapableBeanFactory.createBean(AbstractAutowireCapableBeanFactory.java:476)
	at org.springframework.beans.factory.support.AbstractBeanFactory$1.getObject(AbstractBeanFactory.java:302)
	at org.springframework.beans.factory.support.DefaultSingletonBeanRegistry.getSingleton(DefaultSingletonBeanRegistry.java:230)
	at org.springframework.beans.factory.support.AbstractBeanFactory.doGetBean(AbstractBeanFactory.java:298)
	at org.springframework.beans.factory.support.AbstractBeanFactory.getTypeForFactoryBean(AbstractBeanFactory.java:1410)
	at org.springframework.beans.factory.support.AbstractAutowireCapableBeanFactory.getTypeForFactoryBean(AbstractAutowireCapableBeanFactory.java:802)
	at org.springframework.beans.factory.support.AbstractBeanFactory.isTypeMatch(AbstractBeanFactory.java:541)
	at org.springframework.beans.factory.support.DefaultListableBeanFactory.doGetBeanNamesForType(DefaultListableBeanFactory.java:436)
	at org.springframework.beans.factory.support.DefaultListableBeanFactory.getBeanNamesForType(DefaultListableBeanFactory.java:412)
	at org.springframework.beans.factory.BeanFactoryUtils.beanNamesForTypeIncludingAncestors(BeanFactoryUtils.java:187)
	at org.springframework.beans.factory.support.DefaultListableBeanFactory.findAutowireCandidates(DefaultListableBeanFactory.java:1112)
	at org.springframework.beans.factory.support.DefaultListableBeanFactory.doResolveDependency(DefaultListableBeanFactory.java:1051)
	at org.springframework.beans.factory.support.DefaultListableBeanFactory.resolveDependency(DefaultListableBeanFactory.java:949)
	at org.springframework.beans.factory.support.AbstractAutowireCapableBeanFactory.autowireByType(AbstractAutowireCapableBeanFactory.java:1280)
	at org.springframework.beans.factory.support.AbstractAutowireCapableBeanFactory.populateBean(AbstractAutowireCapableBeanFactory.java:1187)
	at org.springframework.beans.factory.support.AbstractAutowireCapableBeanFactory.doCreateBean(AbstractAutowireCapableBeanFactory.java:537)
	at org.springframework.beans.factory.support.AbstractAutowireCapableBeanFactory.createBean(AbstractAutowireCapableBeanFactory.java:476)
	at org.springframework.beans.factory.support.AbstractBeanFactory$1.getObject(AbstractBeanFactory.java:302)
	at org.springframework.beans.factory.support.DefaultSingletonBeanRegistry.getSingleton(DefaultSingletonBeanRegistry.java:230)
	at org.springframework.beans.factory.support.AbstractBeanFactory.doGetBean(AbstractBeanFactory.java:298)
	at org.springframework.beans.factory.support.AbstractBeanFactory.getTypeForFactoryBean(AbstractBeanFactory.java:1410)
	at org.springframework.beans.factory.support.AbstractAutowireCapableBeanFactory.getTypeForFactoryBean(AbstractAutowireCapableBeanFactory.java:802)
	at org.springframework.beans.factory.support.AbstractBeanFactory.isTypeMatch(AbstractBeanFactory.java:541)
	at org.springframework.beans.factory.support.DefaultListableBeanFactory.doGetBeanNamesForType(DefaultListableBeanFactory.java:436)
	at org.springframework.beans.factory.support.DefaultListableBeanFactory.getBeanNamesForType(DefaultListableBeanFactory.java:412)
	at org.springframework.beans.factory.BeanFactoryUtils.beanNamesForTypeIncludingAncestors(BeanFactoryUtils.java:187)
	at org.springframework.beans.factory.support.DefaultListableBeanFactory.findAutowireCandidates(DefaultListableBeanFactory.java:1112)
	at org.springframework.beans.factory.support.DefaultListableBeanFactory.doResolveDependency(DefaultListableBeanFactory.java:1051)
	at org.springframework.beans.factory.support.DefaultListableBeanFactory.resolveDependency(DefaultListableBeanFactory.java:949)
	at org.springframework.beans.factory.support.AbstractAutowireCapableBeanFactory.autowireByType(AbstractAutowireCapableBeanFactory.java:1280)
	at org.springframework.beans.factory.support.AbstractAutowireCapableBeanFactory.populateBean(AbstractAutowireCapableBeanFactory.java:1187)
	at org.springframework.beans.factory.support.AbstractAutowireCapableBeanFactory.doCreateBean(AbstractAutowireCapableBeanFactory.java:537)
	at org.springframework.beans.factory.support.AbstractAutowireCapableBeanFactory.createBean(AbstractAutowireCapableBeanFactory.java:476)
	at org.springframework.beans.factory.support.AbstractBeanFactory$1.getObject(AbstractBeanFactory.java:302)
	at org.springframework.beans.factory.support.DefaultSingletonBeanRegistry.getSingleton(DefaultSingletonBeanRegistry.java:230)
	at org.springframework.beans.factory.support.AbstractBeanFactory.doGetBean(AbstractBeanFactory.java:298)
	at org.springframework.beans.factory.support.AbstractBeanFactory.getTypeForFactoryBean(AbstractBeanFactory.java:1410)
	at org.springframework.beans.factory.support.AbstractAutowireCapableBeanFactory.getTypeForFactoryBean(AbstractAutowireCapableBeanFactory.java:802)
	at org.springframework.beans.factory.support.AbstractBeanFactory.isTypeMatch(AbstractBeanFactory.java:541)
	at org.springframework.beans.factory.support.DefaultListableBeanFactory.doGetBeanNamesForType(DefaultListableBeanFactory.java:436)
	at org.springframework.beans.factory.support.DefaultListableBeanFactory.getBeanNamesForType(DefaultListableBeanFactory.java:412)
	at org.springframework.beans.factory.BeanFactoryUtils.beanNamesForTypeIncludingAncestors(BeanFactoryUtils.java:187)
	at org.springframework.beans.factory.support.DefaultListableBeanFactory.findAutowireCandidates(DefaultListableBeanFactory.java:1112)
	at org.springframework.beans.factory.support.DefaultListableBeanFactory.doResolveDependency(DefaultListableBeanFactory.java:1051)
	at org.springframework.beans.factory.support.DefaultListableBeanFactory.resolveDependency(DefaultListableBeanFactory.java:949)
	at org.springframework.beans.factory.support.AbstractAutowireCapableBeanFactory.autowireByType(AbstractAutowireCapableBeanFactory.java:1280)
	at org.springframework.beans.factory.support.AbstractAutowireCapableBeanFactory.populateBean(AbstractAutowireCapableBeanFactory.java:1187)
	at org.springframework.beans.factory.support.AbstractAutowireCapableBeanFactory.doCreateBean(AbstractAutowireCapableBeanFactory.java:537)
	at org.springframework.beans.factory.support.AbstractAutowireCapableBeanFactory.createBean(AbstractAutowireCapableBeanFactory.java:476)
	at org.springframework.beans.factory.support.AbstractBeanFactory$1.getObject(AbstractBeanFactory.java:302)
	at org.springframework.beans.factory.support.DefaultSingletonBeanRegistry.getSingleton(DefaultSingletonBeanRegistry.java:230)
	at org.springframework.beans.factory.support.AbstractBeanFactory.doGetBean(AbstractBeanFactory.java:298)
	at org.springframework.beans.factory.support.AbstractBeanFactory.getTypeForFactoryBean(AbstractBeanFactory.java:1410)
	at org.springframework.beans.factory.support.AbstractAutowireCapableBeanFactory.getTypeForFactoryBean(AbstractAutowireCapableBeanFactory.java:802)
	at org.springframework.beans.factory.support.AbstractBeanFactory.isTypeMatch(AbstractBeanFactory.java:541)
	at org.springframework.beans.factory.support.DefaultListableBeanFactory.doGetBeanNamesForType(DefaultListableBeanFactory.java:436)
	at org.springframework.beans.factory.support.DefaultListableBeanFactory.getBeanNamesForType(DefaultListableBeanFactory.java:412)
	at org.springframework.beans.factory.BeanFactoryUtils.beanNamesForTypeIncludingAncestors(BeanFactoryUtils.java:187)
	at org.springframework.beans.factory.support.DefaultListableBeanFactory.findAutowireCandidates(DefaultListableBeanFactory.java:1112)
	at org.springframework.beans.factory.support.DefaultListableBeanFactory.doResolveDependency(DefaultListableBeanFactory.java:1051)
	at org.springframework.beans.factory.support.DefaultListableBeanFactory.resolveDependency(DefaultListableBeanFactory.java:949)
	at org.springframework.beans.factory.support.AbstractAutowireCapableBeanFactory.autowireByType(AbstractAutowireCapableBeanFactory.java:1280)
	at org.springframework.beans.factory.support.AbstractAutowireCapableBeanFactory.populateBean(AbstractAutowireCapableBeanFactory.java:1187)
	at org.springframework.beans.factory.support.AbstractAutowireCapableBeanFactory.doCreateBean(AbstractAutowireCapableBeanFactory.java:537)
	at org.springframework.beans.factory.support.AbstractAutowireCapableBeanFactory.createBean(AbstractAutowireCapableBeanFactory.java:476)
	at org.springframework.beans.factory.support.AbstractBeanFactory$1.getObject(AbstractBeanFactory.java:302)
	at org.springframework.beans.factory.support.DefaultSingletonBeanRegistry.getSingleton(DefaultSingletonBeanRegistry.java:230)
	at org.springframework.beans.factory.support.AbstractBeanFactory.doGetBean(AbstractBeanFactory.java:298)
	at org.springframework.beans.factory.support.AbstractBeanFactory.getTypeForFactoryBean(AbstractBeanFactory.java:1410)
	at org.springframework.beans.factory.support.AbstractAutowireCapableBeanFactory.getTypeForFactoryBean(AbstractAutowireCapableBeanFactory.java:802)
	at org.springframework.beans.factory.support.AbstractBeanFactory.isTypeMatch(AbstractBeanFactory.java:541)
	at org.springframework.beans.factory.support.DefaultListableBeanFactory.doGetBeanNamesForType(DefaultListableBeanFactory.java:436)
	at org.springframework.beans.factory.support.DefaultListableBeanFactory.getBeanNamesForType(DefaultListableBeanFactory.java:412)
	at org.springframework.beans.factory.BeanFactoryUtils.beanNamesForTypeIncludingAncestors(BeanFactoryUtils.java:187)
	at org.springframework.beans.factory.support.DefaultListableBeanFactory.findAutowireCandidates(DefaultListableBeanFactory.java:1112)
	at org.springframework.beans.factory.support.DefaultListableBeanFactory.doResolveDependency(DefaultListableBeanFactory.java:1051)
	at org.springframework.beans.factory.support.DefaultListableBeanFactory.resolveDependency(DefaultListableBeanFactory.java:949)
	at org.springframework.beans.factory.support.AbstractAutowireCapableBeanFactory.autowireByType(AbstractAutowireCapableBeanFactory.java:1280)
	at org.springframework.beans.factory.support.AbstractAutowireCapableBeanFactory.populateBean(AbstractAutowireCapableBeanFactory.java:1187)
	at org.springframework.beans.factory.support.AbstractAutowireCapableBeanFactory.doCreateBean(AbstractAutowireCapableBeanFactory.java:537)
	at org.springframework.beans.factory.support.AbstractAutowireCapableBeanFactory.createBean(AbstractAutowireCapableBeanFactory.java:476)
	at org.springframework.beans.factory.support.AbstractBeanFactory$1.getObject(AbstractBeanFactory.java:302)
	at org.springframework.beans.factory.support.DefaultSingletonBeanRegistry.getSingleton(DefaultSingletonBeanRegistry.java:230)
	at org.springframework.beans.factory.support.AbstractBeanFactory.doGetBean(AbstractBeanFactory.java:298)
	at org.springframework.beans.factory.support.AbstractBeanFactory.getTypeForFactoryBean(AbstractBeanFactory.java:1410)
	at org.springframework.beans.factory.support.AbstractAutowireCapableBeanFactory.getTypeForFactoryBean(AbstractAutowireCapableBeanFactory.java:802)
	at org.springframework.beans.factory.support.AbstractBeanFactory.isTypeMatch(AbstractBeanFactory.java:541)
	at org.springframework.beans.factory.support.DefaultListableBeanFactory.doGetBeanNamesForType(DefaultListableBeanFactory.java:436)
	at org.springframework.beans.factory.support.DefaultListableBeanFactory.getBeanNamesForType(DefaultListableBeanFactory.java:412)
	at org.springframework.beans.factory.BeanFactoryUtils.beanNamesForTypeIncludingAncestors(BeanFactoryUtils.java:187)
	at org.springframework.beans.factory.support.DefaultListableBeanFactory.findAutowireCandidates(DefaultListableBeanFactory.java:1112)
	at org.springframework.beans.factory.support.DefaultListableBeanFactory.doResolveDependency(DefaultListableBeanFactory.java:1051)
	at org.springframework.beans.factory.support.DefaultListableBeanFactory.resolveDependency(DefaultListableBeanFactory.java:949)
	at org.springframework.beans.factory.support.AbstractAutowireCapableBeanFactory.autowireByType(AbstractAutowireCapableBeanFactory.java:1280)
	at org.springframework.beans.factory.support.AbstractAutowireCapableBeanFactory.populateBean(AbstractAutowireCapableBeanFactory.java:1187)
	at org.springframework.beans.factory.support.AbstractAutowireCapableBeanFactory.doCreateBean(AbstractAutowireCapableBeanFactory.java:537)
	at org.springframework.beans.factory.support.AbstractAutowireCapableBeanFactory.createBean(AbstractAutowireCapableBeanFactory.java:476)
	at org.springframework.beans.factory.support.AbstractBeanFactory$1.getObject(AbstractBeanFactory.java:302)
	at org.springframework.beans.factory.support.DefaultSingletonBeanRegistry.getSingleton(DefaultSingletonBeanRegistry.java:230)
	at org.springframework.beans.factory.support.AbstractBeanFactory.doGetBean(AbstractBeanFactory.java:298)
	at org.springframework.beans.factory.support.AbstractBeanFactory.getTypeForFactoryBean(AbstractBeanFactory.java:1410)
	at org.springframework.beans.factory.support.AbstractAutowireCapableBeanFactory.getTypeForFactoryBean(AbstractAutowireCapableBeanFactory.java:802)
	at org.springframework.beans.factory.support.AbstractBeanFactory.isTypeMatch(AbstractBeanFactory.java:541)
	at org.springframework.beans.factory.support.DefaultListableBeanFactory.doGetBeanNamesForType(DefaultListableBeanFactory.java:436)
	at org.springframework.beans.factory.support.DefaultListableBeanFactory.getBeanNamesForType(DefaultListableBeanFactory.java:412)
	at org.springframework.beans.factory.BeanFactoryUtils.beanNamesForTypeIncludingAncestors(BeanFactoryUtils.java:187)
	at org.springframework.beans.factory.support.DefaultListableBeanFactory.findAutowireCandidates(DefaultListableBeanFactory.java:1112)
	at org.springframework.beans.factory.support.DefaultListableBeanFactory.doResolveDependency(DefaultListableBeanFactory.java:1051)
	at org.springframework.beans.factory.support.DefaultListableBeanFactory.resolveDependency(DefaultListableBeanFactory.java:949)
	at org.springframework.beans.factory.support.AbstractAutowireCapableBeanFactory.autowireByType(AbstractAutowireCapableBeanFactory.java:1280)
	at org.springframework.beans.factory.support.AbstractAutowireCapableBeanFactory.populateBean(AbstractAutowireCapableBeanFactory.java:1187)
	at org.springframework.beans.factory.support.AbstractAutowireCapableBeanFactory.doCreateBean(AbstractAutowireCapableBeanFactory.java:537)
	at org.springframework.beans.factory.support.AbstractAutowireCapableBeanFactory.createBean(AbstractAutowireCapableBeanFactory.java:476)
	at org.springframework.beans.factory.support.AbstractBeanFactory$1.getObject(AbstractBeanFactory.java:302)
	at org.springframework.beans.factory.support.DefaultSingletonBeanRegistry.getSingleton(DefaultSingletonBeanRegistry.java:230)
	at org.springframework.beans.factory.support.AbstractBeanFactory.doGetBean(AbstractBeanFactory.java:298)
	at org.springframework.beans.factory.support.AbstractBeanFactory.getTypeForFactoryBean(AbstractBeanFactory.java:1410)
	at org.springframework.beans.factory.support.AbstractAutowireCapableBeanFactory.getTypeForFactoryBean(AbstractAutowireCapableBeanFactory.java:802)
	at org.springframework.beans.factory.support.AbstractBeanFactory.isTypeMatch(AbstractBeanFactory.java:541)
	at org.springframework.beans.factory.support.DefaultListableBeanFactory.doGetBeanNamesForType(DefaultListableBeanFactory.java:436)
	at org.springframework.beans.factory.support.DefaultListableBeanFactory.getBeanNamesForType(DefaultListableBeanFactory.java:412)
	at org.springframework.beans.factory.BeanFactoryUtils.beanNamesForTypeIncludingAncestors(BeanFactoryUtils.java:187)
	at org.springframework.beans.factory.support.DefaultListableBeanFactory.findAutowireCandidates(DefaultListableBeanFactory.java:1112)
	at org.springframework.beans.factory.support.DefaultListableBeanFactory.doResolveDependency(DefaultListableBeanFactory.java:1051)
	at org.springframework.beans.factory.support.DefaultListableBeanFactory.resolveDependency(DefaultListableBeanFactory.java:949)
	at org.springframework.beans.factory.annotation.AutowiredAnnotationBeanPostProcessor$AutowiredFieldElement.inject(AutowiredAnnotationBeanPostProcessor.java:530)
	at org.springframework.beans.factory.annotation.InjectionMetadata.inject(InjectionMetadata.java:87)
	at org.springframework.beans.factory.annotation.AutowiredAnnotationBeanPostProcessor.postProcessPropertyValues(AutowiredAnnotationBeanPostProcessor.java:331)
	at org.springframework.beans.factory.support.AbstractAutowireCapableBeanFactory.populateBean(AbstractAutowireCapableBeanFactory.java:1202)
	at org.springframework.beans.factory.support.AbstractAutowireCapableBeanFactory.doCreateBean(AbstractAutowireCapableBeanFactory.java:537)
	at org.springframework.beans.factory.support.AbstractAutowireCapableBeanFactory.createBean(AbstractAutowireCapableBeanFactory.java:476)
	at org.springframework.beans.factory.support.AbstractBeanFactory$1.getObject(AbstractBeanFactory.java:302)
	at org.springframework.beans.factory.support.DefaultSingletonBeanRegistry.getSingleton(DefaultSingletonBeanRegistry.java:230)
	at org.springframework.beans.factory.support.AbstractBeanFactory.doGetBean(AbstractBeanFactory.java:298)
	at org.springframework.beans.factory.support.AbstractBeanFactory.getBean(AbstractBeanFactory.java:193)
	at org.springframework.beans.factory.support.DefaultListableBeanFactory.preInstantiateSingletons(DefaultListableBeanFactory.java:762)
	at org.springframework.context.support.AbstractApplicationContext.finishBeanFactoryInitialization(AbstractApplicationContext.java:757)
	at org.springframework.context.support.AbstractApplicationContext.refresh(AbstractApplicationContext.java:480)
	at org.springframework.web.context.ContextLoader.configureAndRefreshWebApplicationContext(ContextLoader.java:403)
	at org.springframework.web.context.ContextLoader.initWebApplicationContext(ContextLoader.java:306)
	at org.springframework.web.context.ContextLoaderListener.contextInitialized(ContextLoaderListener.java:106)
	at org.apache.catalina.core.StandardContext.listenerStart(StandardContext.java:4939)
	at org.apache.catalina.core.StandardContext.startInternal(StandardContext.java:5434)
	at org.apache.catalina.util.LifecycleBase.start(LifecycleBase.java:150)
	at org.apache.catalina.core.ContainerBase$StartChild.call(ContainerBase.java:1559)
	at org.apache.catalina.core.ContainerBase$StartChild.call(ContainerBase.java:1549)
	at java.util.concurrent.FutureTask.run(FutureTask.java:262)
	at java.util.concurrent.ThreadPoolExecutor.runWorker(ThreadPoolExecutor.java:1145)
	at java.util.concurrent.ThreadPoolExecutor$Worker.run(ThreadPoolExecutor.java:615)
	at java.lang.Thread.run(Thread.java:745)
Caused by: java.lang.ClassNotFoundException: CompareSuccess
	at org.apache.catalina.loader.WebappClassLoader.loadClass(WebappClassLoader.java:1702)
	at org.apache.catalina.loader.WebappClassLoader.loadClass(WebappClassLoader.java:1547)
	... 162 more
2018-06-26 19:03:25  [ localhost-startStop-1:46027 ] - [ WARN ]  Bean creation exception on FactoryBean type check: org.springframework.beans.factory.BeanCreationException: Error creating bean with name 'compareSuccessMapper' defined in file [D:\workspace_junyufr\CompareSystem\target\classes\com\junyu\mapper\CompareSuccessMapper.class]: Invocation of init method failed; nested exception is java.lang.IllegalArgumentException: java.lang.NoClassDefFoundError: CompareSuccess
2018-06-26 19:03:25  [ localhost-startStop-1:46037 ] - [ ERROR ]  Error while adding the mapper 'interface com.junyu.mapper.CompareCatchMapper' to configuration.
java.lang.NoClassDefFoundError: CompareCatch
	at java.lang.Class.getDeclaredMethods0(Native Method)
	at java.lang.Class.privateGetDeclaredMethods(Class.java:2625)
	at java.lang.Class.privateGetPublicMethods(Class.java:2743)
	at java.lang.Class.getMethods(Class.java:1480)
	at org.apache.ibatis.builder.annotation.MapperAnnotationBuilder.parse(MapperAnnotationBuilder.java:123)
	at org.apache.ibatis.binding.MapperRegistry.addMapper(MapperRegistry.java:71)
	at org.apache.ibatis.session.Configuration.addMapper(Configuration.java:651)
	at org.mybatis.spring.mapper.MapperFactoryBean.checkDaoConfig(MapperFactoryBean.java:97)
	at org.springframework.dao.support.DaoSupport.afterPropertiesSet(DaoSupport.java:44)
	at org.springframework.beans.factory.support.AbstractAutowireCapableBeanFactory.invokeInitMethods(AbstractAutowireCapableBeanFactory.java:1625)
	at org.springframework.beans.factory.support.AbstractAutowireCapableBeanFactory.initializeBean(AbstractAutowireCapableBeanFactory.java:1562)
	at org.springframework.beans.factory.support.AbstractAutowireCapableBeanFactory.doCreateBean(AbstractAutowireCapableBeanFactory.java:539)
	at org.springframework.beans.factory.support.AbstractAutowireCapableBeanFactory.createBean(AbstractAutowireCapableBeanFactory.java:476)
	at org.springframework.beans.factory.support.AbstractBeanFactory$1.getObject(AbstractBeanFactory.java:302)
	at org.springframework.beans.factory.support.DefaultSingletonBeanRegistry.getSingleton(DefaultSingletonBeanRegistry.java:230)
	at org.springframework.beans.factory.support.AbstractBeanFactory.doGetBean(AbstractBeanFactory.java:298)
	at org.springframework.beans.factory.support.AbstractBeanFactory.getTypeForFactoryBean(AbstractBeanFactory.java:1410)
	at org.springframework.beans.factory.support.AbstractAutowireCapableBeanFactory.getTypeForFactoryBean(AbstractAutowireCapableBeanFactory.java:802)
	at org.springframework.beans.factory.support.AbstractBeanFactory.isTypeMatch(AbstractBeanFactory.java:541)
	at org.springframework.beans.factory.support.DefaultListableBeanFactory.doGetBeanNamesForType(DefaultListableBeanFactory.java:436)
	at org.springframework.beans.factory.support.DefaultListableBeanFactory.getBeanNamesForType(DefaultListableBeanFactory.java:412)
	at org.springframework.beans.factory.BeanFactoryUtils.beanNamesForTypeIncludingAncestors(BeanFactoryUtils.java:187)
	at org.springframework.beans.factory.support.DefaultListableBeanFactory.findAutowireCandidates(DefaultListableBeanFactory.java:1112)
	at org.springframework.beans.factory.support.DefaultListableBeanFactory.doResolveDependency(DefaultListableBeanFactory.java:1051)
	at org.springframework.beans.factory.support.DefaultListableBeanFactory.resolveDependency(DefaultListableBeanFactory.java:949)
	at org.springframework.beans.factory.support.AbstractAutowireCapableBeanFactory.autowireByType(AbstractAutowireCapableBeanFactory.java:1280)
	at org.springframework.beans.factory.support.AbstractAutowireCapableBeanFactory.populateBean(AbstractAutowireCapableBeanFactory.java:1187)
	at org.springframework.beans.factory.support.AbstractAutowireCapableBeanFactory.doCreateBean(AbstractAutowireCapableBeanFactory.java:537)
	at org.springframework.beans.factory.support.AbstractAutowireCapableBeanFactory.createBean(AbstractAutowireCapableBeanFactory.java:476)
	at org.springframework.beans.factory.support.AbstractBeanFactory$1.getObject(AbstractBeanFactory.java:302)
	at org.springframework.beans.factory.support.DefaultSingletonBeanRegistry.getSingleton(DefaultSingletonBeanRegistry.java:230)
	at org.springframework.beans.factory.support.AbstractBeanFactory.doGetBean(AbstractBeanFactory.java:298)
	at org.springframework.beans.factory.support.AbstractBeanFactory.getTypeForFactoryBean(AbstractBeanFactory.java:1410)
	at org.springframework.beans.factory.support.AbstractAutowireCapableBeanFactory.getTypeForFactoryBean(AbstractAutowireCapableBeanFactory.java:802)
	at org.springframework.beans.factory.support.AbstractBeanFactory.isTypeMatch(AbstractBeanFactory.java:541)
	at org.springframework.beans.factory.support.DefaultListableBeanFactory.doGetBeanNamesForType(DefaultListableBeanFactory.java:436)
	at org.springframework.beans.factory.support.DefaultListableBeanFactory.getBeanNamesForType(DefaultListableBeanFactory.java:412)
	at org.springframework.beans.factory.BeanFactoryUtils.beanNamesForTypeIncludingAncestors(BeanFactoryUtils.java:187)
	at org.springframework.beans.factory.support.DefaultListableBeanFactory.findAutowireCandidates(DefaultListableBeanFactory.java:1112)
	at org.springframework.beans.factory.support.DefaultListableBeanFactory.doResolveDependency(DefaultListableBeanFactory.java:1051)
	at org.springframework.beans.factory.support.DefaultListableBeanFactory.resolveDependency(DefaultListableBeanFactory.java:949)
	at org.springframework.beans.factory.support.AbstractAutowireCapableBeanFactory.autowireByType(AbstractAutowireCapableBeanFactory.java:1280)
	at org.springframework.beans.factory.support.AbstractAutowireCapableBeanFactory.populateBean(AbstractAutowireCapableBeanFactory.java:1187)
	at org.springframework.beans.factory.support.AbstractAutowireCapableBeanFactory.doCreateBean(AbstractAutowireCapableBeanFactory.java:537)
	at org.springframework.beans.factory.support.AbstractAutowireCapableBeanFactory.createBean(AbstractAutowireCapableBeanFactory.java:476)
	at org.springframework.beans.factory.support.AbstractBeanFactory$1.getObject(AbstractBeanFactory.java:302)
	at org.springframework.beans.factory.support.DefaultSingletonBeanRegistry.getSingleton(DefaultSingletonBeanRegistry.java:230)
	at org.springframework.beans.factory.support.AbstractBeanFactory.doGetBean(AbstractBeanFactory.java:298)
	at org.springframework.beans.factory.support.AbstractBeanFactory.getTypeForFactoryBean(AbstractBeanFactory.java:1410)
	at org.springframework.beans.factory.support.AbstractAutowireCapableBeanFactory.getTypeForFactoryBean(AbstractAutowireCapableBeanFactory.java:802)
	at org.springframework.beans.factory.support.AbstractBeanFactory.isTypeMatch(AbstractBeanFactory.java:541)
	at org.springframework.beans.factory.support.DefaultListableBeanFactory.doGetBeanNamesForType(DefaultListableBeanFactory.java:436)
	at org.springframework.beans.factory.support.DefaultListableBeanFactory.getBeanNamesForType(DefaultListableBeanFactory.java:412)
	at org.springframework.beans.factory.BeanFactoryUtils.beanNamesForTypeIncludingAncestors(BeanFactoryUtils.java:187)
	at org.springframework.beans.factory.support.DefaultListableBeanFactory.findAutowireCandidates(DefaultListableBeanFactory.java:1112)
	at org.springframework.beans.factory.support.DefaultListableBeanFactory.doResolveDependency(DefaultListableBeanFactory.java:1051)
	at org.springframework.beans.factory.support.DefaultListableBeanFactory.resolveDependency(DefaultListableBeanFactory.java:949)
	at org.springframework.beans.factory.support.AbstractAutowireCapableBeanFactory.autowireByType(AbstractAutowireCapableBeanFactory.java:1280)
	at org.springframework.beans.factory.support.AbstractAutowireCapableBeanFactory.populateBean(AbstractAutowireCapableBeanFactory.java:1187)
	at org.springframework.beans.factory.support.AbstractAutowireCapableBeanFactory.doCreateBean(AbstractAutowireCapableBeanFactory.java:537)
	at org.springframework.beans.factory.support.AbstractAutowireCapableBeanFactory.createBean(AbstractAutowireCapableBeanFactory.java:476)
	at org.springframework.beans.factory.support.AbstractBeanFactory$1.getObject(AbstractBeanFactory.java:302)
	at org.springframework.beans.factory.support.DefaultSingletonBeanRegistry.getSingleton(DefaultSingletonBeanRegistry.java:230)
	at org.springframework.beans.factory.support.AbstractBeanFactory.doGetBean(AbstractBeanFactory.java:298)
	at org.springframework.beans.factory.support.AbstractBeanFactory.getTypeForFactoryBean(AbstractBeanFactory.java:1410)
	at org.springframework.beans.factory.support.AbstractAutowireCapableBeanFactory.getTypeForFactoryBean(AbstractAutowireCapableBeanFactory.java:802)
	at org.springframework.beans.factory.support.AbstractBeanFactory.isTypeMatch(AbstractBeanFactory.java:541)
	at org.springframework.beans.factory.support.DefaultListableBeanFactory.doGetBeanNamesForType(DefaultListableBeanFactory.java:436)
	at org.springframework.beans.factory.support.DefaultListableBeanFactory.getBeanNamesForType(DefaultListableBeanFactory.java:412)
	at org.springframework.beans.factory.BeanFactoryUtils.beanNamesForTypeIncludingAncestors(BeanFactoryUtils.java:187)
	at org.springframework.beans.factory.support.DefaultListableBeanFactory.findAutowireCandidates(DefaultListableBeanFactory.java:1112)
	at org.springframework.beans.factory.support.DefaultListableBeanFactory.doResolveDependency(DefaultListableBeanFactory.java:1051)
	at org.springframework.beans.factory.support.DefaultListableBeanFactory.resolveDependency(DefaultListableBeanFactory.java:949)
	at org.springframework.beans.factory.annotation.AutowiredAnnotationBeanPostProcessor$AutowiredFieldElement.inject(AutowiredAnnotationBeanPostProcessor.java:530)
	at org.springframework.beans.factory.annotation.InjectionMetadata.inject(InjectionMetadata.java:87)
	at org.springframework.beans.factory.annotation.AutowiredAnnotationBeanPostProcessor.postProcessPropertyValues(AutowiredAnnotationBeanPostProcessor.java:331)
	at org.springframework.beans.factory.support.AbstractAutowireCapableBeanFactory.populateBean(AbstractAutowireCapableBeanFactory.java:1202)
	at org.springframework.beans.factory.support.AbstractAutowireCapableBeanFactory.doCreateBean(AbstractAutowireCapableBeanFactory.java:537)
	at org.springframework.beans.factory.support.AbstractAutowireCapableBeanFactory.createBean(AbstractAutowireCapableBeanFactory.java:476)
	at org.springframework.beans.factory.support.AbstractBeanFactory$1.getObject(AbstractBeanFactory.java:302)
	at org.springframework.beans.factory.support.DefaultSingletonBeanRegistry.getSingleton(DefaultSingletonBeanRegistry.java:230)
	at org.springframework.beans.factory.support.AbstractBeanFactory.doGetBean(AbstractBeanFactory.java:298)
	at org.springframework.beans.factory.support.AbstractBeanFactory.getBean(AbstractBeanFactory.java:193)
	at org.springframework.beans.factory.support.DefaultListableBeanFactory.preInstantiateSingletons(DefaultListableBeanFactory.java:762)
	at org.springframework.context.support.AbstractApplicationContext.finishBeanFactoryInitialization(AbstractApplicationContext.java:757)
	at org.springframework.context.support.AbstractApplicationContext.refresh(AbstractApplicationContext.java:480)
	at org.springframework.web.context.ContextLoader.configureAndRefreshWebApplicationContext(ContextLoader.java:403)
	at org.springframework.web.context.ContextLoader.initWebApplicationContext(ContextLoader.java:306)
	at org.springframework.web.context.ContextLoaderListener.contextInitialized(ContextLoaderListener.java:106)
	at org.apache.catalina.core.StandardContext.listenerStart(StandardContext.java:4939)
	at org.apache.catalina.core.StandardContext.startInternal(StandardContext.java:5434)
	at org.apache.catalina.util.LifecycleBase.start(LifecycleBase.java:150)
	at org.apache.catalina.core.ContainerBase$StartChild.call(ContainerBase.java:1559)
	at org.apache.catalina.core.ContainerBase$StartChild.call(ContainerBase.java:1549)
	at java.util.concurrent.FutureTask.run(FutureTask.java:262)
	at java.util.concurrent.ThreadPoolExecutor.runWorker(ThreadPoolExecutor.java:1145)
	at java.util.concurrent.ThreadPoolExecutor$Worker.run(ThreadPoolExecutor.java:615)
	at java.lang.Thread.run(Thread.java:745)
Caused by: java.lang.ClassNotFoundException: CompareCatch
	at org.apache.catalina.loader.WebappClassLoader.loadClass(WebappClassLoader.java:1702)
	at org.apache.catalina.loader.WebappClassLoader.loadClass(WebappClassLoader.java:1547)
	... 98 more
2018-06-26 19:03:25  [ localhost-startStop-1:46039 ] - [ WARN ]  Bean creation exception on FactoryBean type check: org.springframework.beans.factory.BeanCreationException: Error creating bean with name 'compareCatchMapper' defined in file [D:\workspace_junyufr\CompareSystem\target\classes\com\junyu\mapper\CompareCatchMapper.class]: Invocation of init method failed; nested exception is java.lang.IllegalArgumentException: java.lang.NoClassDefFoundError: CompareCatch
2018-06-26 19:06:24  [ localhost-startStop-1:43580 ] - [ ERROR ]  invalid oracle validationQuery. SELECT 1, may should be : SELECT 1 FROM DUAL
2018-06-26 19:15:13  [ localhost-startStop-1:1861 ] - [ ERROR ]  invalid oracle validationQuery. SELECT 1, may should be : SELECT 1 FROM DUAL
2018-06-26 19:17:50  [ http-bio-8080-exec-10:159000 ] - [ WARN ]  ÁâàÊú¨Ëøá‰Ωé,ËØ∑ÂçáÁ∫ß
2018-06-26 19:18:13  [ http-bio-8080-exec-2:181591 ] - [ WARN ]  ÁâàÊú¨Ëøá‰Ωé,ËØ∑ÂçáÁ∫ß
2018-07-20 15:29:12  [ main:0 ] - [ WARN ]  ÈôàÁ´π
2018-07-20 15:29:14  [ main:1650 ] - [ WARN ]  {"SignatureValue":"EZ8lJgx3Dta0JllH0g4TfXSyChFUBFqOOPQedcGVWNTsltkx04iqxnQFvHglb8uhqZ/rZ5w6ZYFk8yoRR0VdPp5wjoqqGLx4oX1Qk1i7VWXjspu+0bjK9ucasJT4NmuPw0zy7o3z8H1o8fLfHLADfe29s1Nfknhkf0ePbBcRyQI=","Result":-93,"SignatureAlgorithm":"SHA256withRSA","PersonName":"","BizSN":"9d86cf8b-5ca9-4a01-a19f-fd7ba5714e09","PersonID":"","Return":"Êé•ÂÖ•Â∫îÁî®Èâ¥ÊùÉÂ§±Ë¥•ÔºåÈ™åËØÅÁ≠æÂêçÈîôËØØ"}
2018-07-20 15:29:54  [ main:0 ] - [ WARN ]  ÈôàÁ´π
2018-07-20 15:30:19  [ main:25294 ] - [ WARN ]  {"SignatureValue":"DRv3OuGHea2CGw2bdbgj3tkz6ImgsaQctxls/fBOGq75imuIJ+wyy0Vp5wVQG4ASruiwNSiF4wulbE9LEiSdCRSdKCFjqRp7OrGVlhmmacLaXGcpdI62/RNZ45bVQ78Sh8IZcXK9ANukZAgLORM0bS28PxmCZ65Mw9ZWQT81vLc=","Result":-93,"SignatureAlgorithm":"SHA256withRSA","PersonName":"","BizSN":"69cd7a9f-a63c-4a34-abcb-8dd08013dd3b","PersonID":"","Return":"Êé•ÂÖ•Â∫îÁî®Èâ¥ÊùÉÂ§±Ë¥•ÔºåÈ™åËØÅÁ≠æÂêçÈîôËØØ"}
2018-07-20 15:41:20  [ main:0 ] - [ WARN ]  ÈôàÁ´π
2018-07-20 15:42:32  [ main:72310 ] - [ WARN ]  {"SignatureValue":"C/nezhIv7mQvKiVGceS3IjgeXs4s6hJvahY1KJqUQrC9pIID19+3Xke4YsotAilgngHo0cgcOFYFgOmluy/bov0f4oYNQdD5VPJU7Y/rJjQQ/kQcBm3Eep5xlQ4KSlTAXMGz90I29LWugqquo7Ek//okpohbHqRtmQtbMIFn8a4=","Result":-93,"SignatureAlgorithm":"SHA256withRSA","PersonName":"","BizSN":"97cee1fc-e28b-47f3-9458-f601973fbc75","PersonID":"","Return":"Êé•ÂÖ•Â∫îÁî®Èâ¥ÊùÉÂ§±Ë¥•ÔºåÈ™åËØÅÁ≠æÂêçÈîôËØØ"}
2018-07-20 15:43:01  [ main:0 ] - [ WARN ]  ÈôàÁ´π
2018-07-20 15:43:53  [ main:51218 ] - [ WARN ]  {"SignatureValue":"EyDrbZLROfghgsUPEXbJ7skdeJv92lt5AK61CNSpiBDKzyjwxNIaBsGmzJjrZtL/ePDqHu0k/xn9FlKqejyt7n0mK3jv2/AdhKibQCKLC+RD5VA2LY/Ib8NkfewXbaU4JtwabjKO9wkpvfMClBTGGXc19JcNCzhLX1VKOhMwNRo=","Result":-93,"SignatureAlgorithm":"SHA256withRSA","PersonName":"","BizSN":"74bec3ea-2fba-4ecb-8dd1-c1464ac6c426","PersonID":"","Return":"Êé•ÂÖ•Â∫îÁî®Èâ¥ÊùÉÂ§±Ë¥•ÔºåÈ™åËØÅÁ≠æÂêçÈîôËØØ"}
2018-07-20 15:44:49  [ main:0 ] - [ WARN ]  ÈôàÁ´π
2018-07-20 15:44:50  [ main:1583 ] - [ WARN ]  {"SignatureValue":"cZtYewCx2jlk+mUt5BmxeyZlfiZvGqVelO8aS9ZIO725oPFiRRbq+h7z+/zLkPEpIKR4RJrr8HY7mzdgsDqYkIE21tMpzOkWOORtLfGluDoh25I5dkkebf7MvR4iHd50bUS31OkiLUFLAB8UZqxA7gdMXpI5uwWTE5lrXIehPpM=","Result":-503,"SignatureAlgorithm":"SHA256withRSA","PersonName":"chenzhu","BizSN":"7ecacc95-a604-46e0-9d07-bbf590895041","PersonID":"340406199905060016","Return":"ÂßìÂêç‰∏éË∫´‰ªΩËØÅÂè∑‰∏çÂåπÈÖç"}
2018-07-20 15:46:01  [ main:0 ] - [ WARN ]  ÈôàÁ´π
2018-07-20 15:46:11  [ main:0 ] - [ WARN ]  ÈôàÁ´π
2018-07-20 15:46:13  [ main:1458 ] - [ WARN ]  {"SignatureValue":"VEb2SsVHPF6RxTrN1DeMSsK+PXtk4XCr5sl/A12vYS4M7lBgg4xEaXjsPRyzPS4ApzqwTJjKSYGMOY4cxn262H/8HlM9BqpakwMzmHOONmKYKfrRETAgWoe0h1virgoB5uIBsl/2K2ptNXQjLHyWrCYS9btFRFz8/Y1fYEUgIB4=","Result":-93,"SignatureAlgorithm":"SHA256withRSA","PersonName":"","BizSN":"1fc1f9fa-76dc-4302-ae79-c42e744a49c2","PersonID":"","Return":"Êé•ÂÖ•Â∫îÁî®Èâ¥ÊùÉÂ§±Ë¥•ÔºåÈ™åËØÅÁ≠æÂêçÈîôËØØ"}
2018-07-20 15:46:26  [ main:0 ] - [ WARN ]  ÈôàÁ´π
2018-07-20 15:46:28  [ main:1274 ] - [ WARN ]  {"SignatureValue":"gpWAZsPpd8r8QIE7If3JdpTeDRv5xf7+4RptwFKtvzgM2OTFlLMafOiRlV9jU7LRVgdICFV1X2A7ecsVBzN2Z48cLPojFWnoqwakTN5RUgw++BSpoTccgybSNIHVnBxlAAbJR4hdX34kZ5s/r02mHdkVi69+bjkojo6wpqxQ/sU=","Result":-93,"SignatureAlgorithm":"SHA256withRSA","PersonName":"","BizSN":"90a57f74-5793-4b3d-8f90-9234bc9cbdc4","PersonID":"","Return":"Êé•ÂÖ•Â∫îÁî®Èâ¥ÊùÉÂ§±Ë¥•ÔºåÈ™åËØÅÁ≠æÂêçÈîôËØØ"}
2018-07-20 15:47:22  [ main:0 ] - [ WARN ]  ÈôàÁ´π
2018-07-20 15:47:24  [ main:1344 ] - [ WARN ]  {"SignatureValue":"NVslJF9n1nWPX+reuk6QtyBg/3suUhQD2keISAU7n9RkUiJ5If+MvMZP4tJBAnKUuFWEZ2jTIVVpva4GDdkKDQ3CK/LhW4+KSyynRSMS1tnic2eyHbOjwcn7kddl/RfjfhNTY0hEc7/uP20sVaEWUds8d5IcAyNKxCo6Vw7kA60=","Result":-93,"SignatureAlgorithm":"SHA256withRSA","PersonName":"","BizSN":"c3aee253-a320-4be6-a3c8-cc3bfcc42961","PersonID":"","Return":"Êé•ÂÖ•Â∫îÁî®Èâ¥ÊùÉÂ§±Ë¥•ÔºåÈ™åËØÅÁ≠æÂêçÈîôËØØ"}
2018-07-20 15:47:43  [ main:0 ] - [ WARN ]  ÈôàÁ´π
2018-07-20 15:47:45  [ main:2084 ] - [ WARN ]  {"SignatureValue":"cUDNsqOHhGULWPePgIAIQeuJ2i1FG7VV1QKCX8OOaJ1/a3tjQVx6kgDsy0t3Vyl8Lkw+DFD98L1v9QQi0HqXG8A9qifSvElP0y62mnmJO1By3upHvfZd1E/Ba3t/uIvSUjFBEB6BPmMM8sN+ec/HxHr2EJH8eu2jmyrHaZaT3CA=","Result":-503,"SignatureAlgorithm":"SHA256withRSA","PersonName":"chenzhu","BizSN":"31a84198-fb0f-4d5a-8319-cb8bca6aa2a6","PersonID":"340406199905060016","Return":"ÂßìÂêç‰∏éË∫´‰ªΩËØÅÂè∑‰∏çÂåπÈÖç"}
2018-07-20 15:48:00  [ main:0 ] - [ WARN ]  ÈôàÁ´π
2018-07-20 15:48:01  [ main:1316 ] - [ WARN ]  {"SignatureValue":"TJkYaZsLfDVloP/UxD1EfCHb4f3Yj1o/db+JDq4PVLmsPBQloeICjS4xYExSV7EqujhxD0Uand2atMsdDugMPX30BRSRhSxUSKcZjcPUmB4TW0X9zlggfd8mqXS9MX2zMTNznosDXcxdD17qgte9/owHdLx1Bw512dXh2YxG1CU=","Result":-93,"SignatureAlgorithm":"SHA256withRSA","PersonName":"","BizSN":"1c0c5933-2616-442c-b070-3ec2b3c29ae3","PersonID":"","Return":"Êé•ÂÖ•Â∫îÁî®Èâ¥ÊùÉÂ§±Ë¥•ÔºåÈ™åËØÅÁ≠æÂêçÈîôËØØ"}
2018-07-20 15:48:31  [ main:0 ] - [ WARN ]  ÈôàÁ´π
2018-07-20 15:52:41  [ main:250426 ] - [ WARN ]  {"SignatureValue":"XZKZJpkXvgAzGcHiuL1yAlE0GB7G3fw5HlNUgmE7ACTlgeNW5veePsu5NXg1RqVlHe4m7GcO8oiCFeorgJNi5kIcI5rQGAgwNFnFn7dsN2lVRldKGV9KVdl46CAcSRsDIV69GqakCHtKue91a9FeryzGMymTOTWWwHjPsT4uq9A=","Result":-93,"SignatureAlgorithm":"SHA256withRSA","PersonName":"","BizSN":"ad9382b0-1d6e-4d11-99fb-cb60727f08ae","PersonID":"","Return":"Êé•ÂÖ•Â∫îÁî®Èâ¥ÊùÉÂ§±Ë¥•ÔºåÈ™åËØÅÁ≠æÂêçÈîôËØØ"}
2018-07-20 15:53:05  [ main:0 ] - [ WARN ]  ÈôàÁ´π
2018-07-20 16:00:55  [ main:469242 ] - [ WARN ]  {"SignatureValue":"MRfc9w6613jNlk8/nCbycrFUlh/SYVPhnOPv6C5qgA4U+ou2hy07xwxecY/MA1NzOhozmOs6sitQVJgprRxa8MfG/kXkvTyefwqWrFmlL2LIEu/JI/t8HVyWiVtzjbs6DUIkikA0iVxiXURO7/vBv0nxVRlNgutbd1vwmzT4K4U=","Result":-93,"SignatureAlgorithm":"SHA256withRSA","PersonName":"","BizSN":"317d56c9-dff2-4dc4-b19e-8060f06deccf","PersonID":"","Return":"Êé•ÂÖ•Â∫îÁî®Èâ¥ÊùÉÂ§±Ë¥•ÔºåÈ™åËØÅÁ≠æÂêçÈîôËØØ"}
2018-07-20 16:02:13  [ main:0 ] - [ WARN ]  ÈôàÁ´π
2018-07-20 16:02:15  [ main:1415 ] - [ WARN ]  {"SignatureValue":"Ey5Kr8e9eiPQye1pUnxx2X+ONarBm7mmqzs7no+qZXolZ/1NJp4GMs1vh5PrpMdlUy13cVt4NhMTt6uqoTDlFFk8X5WDKKo08oJJgoiVYZ+YEuGtky6njrPUw7excxMmnp+JOSY6ug+20fwXdz+/slBWFsYWKrlTq9CW0a0UOTo=","Result":-93,"SignatureAlgorithm":"SHA256withRSA","PersonName":"","BizSN":"bb1e15a1-a4db-44b7-acfb-2c97d00b00d4","PersonID":"","Return":"Êé•ÂÖ•Â∫îÁî®Èâ¥ÊùÉÂ§±Ë¥•ÔºåÈ™åËØÅÁ≠æÂêçÈîôËØØ"}
2018-07-20 16:04:14  [ main:1 ] - [ WARN ]  ÈôàÁ´π
2018-07-20 16:08:14  [ main:239191 ] - [ WARN ]  {"SignatureValue":"MLX3R36XxRFIDhmXl0mp28VVgiA+S9Y6Tao2Vf6igBxdeTEAO4COo6/hpRUs3BWTnUD+ny+5XoTD0MxDzv9H/juJpB4p9yCy345i3rLyTmLBzuJd/rCEetw+2SHAI/7ofdwWKtuNYTUHsnGfztSZ0Ag/JeMgG52GEQQzpaZHhs0=","Result":-93,"SignatureAlgorithm":"SHA256withRSA","PersonName":"","BizSN":"060a6995-2616-4ef7-aea4-b8bc4ebe18d5","PersonID":"","Return":"Êé•ÂÖ•Â∫îÁî®Èâ¥ÊùÉÂ§±Ë¥•ÔºåÈ™åËØÅÁ≠æÂêçÈîôËØØ"}
2018-07-20 16:09:57  [ main:0 ] - [ WARN ]  ÈôàÁ´π
2018-07-20 16:09:59  [ main:1303 ] - [ WARN ]  {"SignatureValue":"CnW4/ryLI/+QE0+arnJRzoqJzkWJfoPj+yOyjPutUGWBmCgWyrFqo+2xwnFvCVNXUJS0Ug7fMDnundduwHee2KKMFFb/3y+2pxAZaCjhUwuQAuykqdEKKVKKpjKOM++DpEwjZd/pCYvz006zQRZB3ImI9MW9Rmx2qenLxq/PNxs=","Result":-93,"SignatureAlgorithm":"SHA256withRSA","PersonName":"","BizSN":"a16fbb7b-c02e-4737-ac09-ce84b83f5a66","PersonID":"","Return":"Êé•ÂÖ•Â∫îÁî®Èâ¥ÊùÉÂ§±Ë¥•ÔºåÈ™åËØÅÁ≠æÂêçÈîôËØØ"}
2018-07-20 16:10:15  [ main:0 ] - [ WARN ]  ÈôàÁ´π
2018-07-20 16:10:16  [ main:1326 ] - [ WARN ]  {"SignatureValue":"XC6bbkS96OQwTcJdXkJfQj2Jl0/g7Ra9qNnVIJOqdkYiCva//wsbKPs0tR9UM+PherU3voNaG2tKmZDVtmz6FgZbNQeW9aZXCol8nwoM1qQAQ3WtlkJe5J6R+E0Y2xdR1rEqTaDGD9cs8+3vS71VHL6U1tR4dy0P9CmT1OSxIIc=","Result":-93,"SignatureAlgorithm":"SHA256withRSA","PersonName":"","BizSN":"8e3ea73d-22d7-43fa-b0c5-40f1d284a464","PersonID":"","Return":"Êé•ÂÖ•Â∫îÁî®Èâ¥ÊùÉÂ§±Ë¥•ÔºåÈ™åËØÅÁ≠æÂêçÈîôËØØ"}
2018-07-20 16:12:34  [ main:0 ] - [ WARN ]  ÈôàÁ´π
2018-07-20 16:12:36  [ main:1459 ] - [ WARN ]  {"SignatureValue":"Su2uMQYhr2nleOQq7WsEGIjnSJk3WAYdGfXghe1HJHP4y+j3JedykmuWQnF6cFTs+D8mPz/+6BKJz7ASTEKBD1j+hy5srkt7/QCojikrXAhsMZfoasYS4fbMXO/cYNvcqG+kXp+7Kz8o3CfBFDMn5+on+sdtQcdIVgj1O0s2n74=","Result":-503,"SignatureAlgorithm":"SHA256withRSA","PersonName":"ÈóÑÂ†¢ÓÅ?","BizSN":"96bda5e6-5985-408c-952d-46e83565f89c","PersonID":"340406199905060016","Return":"–’√˚”Î…Ì∑›÷§∫≈≤ª∆•≈‰"}
2018-07-20 16:12:53  [ main:0 ] - [ WARN ]  ≥¬÷Ò
2018-07-20 16:12:54  [ main:1447 ] - [ WARN ]  {"SignatureValue":"gJv3HHrMFJvLkKG8VGLn5BLuf4Ur+ZCiTFcVNTGnX5Vf/Pkw3d2vbsX75I4FOQXdCrWH/as2sWAxahvu+HLxYd4wmq54UpxRoyPvb5RmIca2JRF4jUXzwEzhTjbccR3tcCK1fBKNoaNp7y3BFB6mCfBzaIEqm2gX1kEnt72/zFI=","Result":-503,"SignatureAlgorithm":"SHA256withRSA","PersonName":"ÈôàÁ´π","BizSN":"e8a9cf15-c1c6-44a3-9620-e1988a6f2cf8","PersonID":"340406199905060016","Return":"–’√˚”Î…Ì∑›÷§∫≈≤ª∆•≈‰"}
2018-07-20 16:13:11  [ main:0 ] - [ WARN ]  ≥¬÷Ò
2018-07-20 16:13:13  [ main:2046 ] - [ WARN ]  {"SignatureValue":"CR7AFAkLLYYftSCY3YLbnWZ5S+E3Se8vc4ZgqkPt2zpudNpclbpVM5HvEBFjVlLtfgNZ/wPNtVUwH+jdFPX/roRU/GD4ILz58z9gkRkKjh7vYgm4o0Le8MvgrfHn2UoGx94yhBTaEyp6uGEgT6/8KpHLCTvpEx1bXaxHR28uXCk=","Result":0,"SignatureAlgorithm":"SHA256withRSA","PersonName":"≥¬÷Ò","BizSN":"0a279c93-df55-47e9-a9f3-8a3bcadf3386","PersonID":"340406199905060016","Return":"œµÕ≥≈–∂œŒ™Õ¨“ª»À"}
2018-07-20 16:21:16  [ main:0 ] - [ WARN ]  ≥¬÷Ò
2018-07-20 16:21:25  [ main:9284 ] - [ WARN ]  {"SignatureValue":"ezo2i463yLvK9mRfpj/oggLDuuUxyU81t0t5Zd2Z5nH9mOLXde2nDEavu7hATJxGLf/QgNjbFGIUfhR0jVzypuvPQ3ZeZfEBBqr/G394kvLBoLmmsNzuNsBiC67iQs0pVrBXtGSbq76HXFWFeViecSPkhftmGu9zy/mv2S2yPfg=","Result":0,"SignatureAlgorithm":"SHA256withRSA","PersonName":"≥¬÷Ò","BizSN":"c7950022-9ad9-4461-8cf0-ca74285d2428","PersonID":"340406199905060016","Return":"œµÕ≥≈–∂œŒ™Õ¨“ª»À"}
2018-07-20 16:38:24  [ main:0 ] - [ WARN ]  ≥¬÷Ò
2018-07-20 16:59:19  [ main:0 ] - [ WARN ]  ≥¬÷Ò
2018-07-20 16:59:35  [ main:16097 ] - [ WARN ]  {"SignatureValue":"GeekK5DK1c2pXDLa6eSUnmsnboWJ9RC4OIwHmQbjjHJ8xWtteYREv2Xx5DTrIaXWoIc7IHj/sbFm+XZKg/X6ca486cbcyfJusxyjK6YnGSJErRR16ZLk8YeU+qLI8Va5AXbQUdj+Mkk8ro5Hb/reLzpe6Be9qr+CR/FCJQG0Znk=","Result":0,"SignatureAlgorithm":"SHA256withRSA","PersonName":"≥¬÷Ò","BizSN":"ea1b46cc-63da-4cd0-bd25-c33734e39d48","PersonID":"340406199905060016","Return":"œµÕ≥≈–∂œŒ™Õ¨“ª»À"}
2018-07-20 17:08:22  [ main:0 ] - [ WARN ]  ÔøΩÔøΩÔøΩÔøΩ
2018-07-20 17:08:35  [ main:12416 ] - [ WARN ]  {"SignatureValue":"cnF4TJ3cMi3V9jyemE29KD3Qjy1Fn4wUO7lfvq2S44O95LfsDLM+euLmM6IPtN7SdzxnaE8UCB1mJAa/CEIY9gaXEXUFHLDETykXVWUn6umrIlHoNRZGoj7DS07wGyhFoIz49u37fZl9fllTXCAePLHFvoMYaF/GSchRlhZ8hq0=","Result":-503,"SignatureAlgorithm":"SHA256withRSA","PersonName":"????","BizSN":"49000d62-4819-4fac-a789-45278e289a8d","PersonID":"340406199905060016","Return":"ÂßìÂêç‰∏éË∫´‰ªΩËØÅÂè∑‰∏çÂåπÈÖç"}
2018-07-20 17:10:45  [ main:0 ] - [ WARN ]  ÔøΩÔøΩÔøΩÔøΩ
2018-07-20 17:10:47  [ main:2226 ] - [ WARN ]  {"SignatureValue":"dMif2oB1IskhWUURxJqctMh7lQWdB6UWb4tAKzXtao4CBaxfkg60py8zrlBr6r0IuGQv7ObhqHjBJQ3Tny40xSWWQuxBddhT3tMrV0NOh1V3nvJyoSPn/4S0iIkNneoS4DO5dpOe41R8YWYmzQGXFRZZoV6cz6hclLBtUAF51us=","Result":-503,"SignatureAlgorithm":"SHA256withRSA","PersonName":"????","BizSN":"5a9ca6a7-67bc-4b99-8ce2-f9ab5ac5db10","PersonID":"340406199905060016","Return":"ÂßìÂêç‰∏éË∫´‰ªΩËØÅÂè∑‰∏çÂåπÈÖç"}
2018-07-20 17:11:36  [ main:0 ] - [ WARN ]  ÔøΩÔøΩÔøΩÔøΩ
2018-07-20 17:11:37  [ main:1468 ] - [ WARN ]  {"SignatureValue":"QzTlxPCJeNNrJ5s8XRPvwa6Ew2UHfHFkANxwbvuHcsiE2NeOwYpM8UwKAhQb1w8jLgX1LN15aCr4bBnHutvjZZ0Vub3mxb2Aq8v+hlhDygi6wQXbXAUeBbetrqm/SaQJ3fTM6HHCXr9tue3+B9UFrCPbLN2mhFsYeBxmx3iq1W0=","Result":-93,"SignatureAlgorithm":"SHA256withRSA","PersonName":"","BizSN":"987f3331-4e32-4a56-b990-b823b2e6973f","PersonID":"","Return":"Êé•ÂÖ•Â∫îÁî®Èâ¥ÊùÉÂ§±Ë¥•ÔºåÈ™åËØÅÁ≠æÂêçÈîôËØØ"}
2018-07-20 17:16:09  [ main:0 ] - [ WARN ]  ÔøΩÔøΩÔøΩÔøΩ
2018-07-20 17:16:11  [ main:1890 ] - [ WARN ]  {"SignatureValue":"bsiR78cDfX6r2L+eDJs1fL9mOZ/TI9rxNvU52huWanGa6TEHky1OsN3fBUYpzRqz0jcjP6NdP0FpKScsgP4rq75FO09ehbLmom79np07+B32/unnukO3rTXR1QX3KTCf0pwvoxfqRafRG89YsydaSwpFzhYD6zMKX9wElzDgGpo=","Result":-503,"SignatureAlgorithm":"SHA256withRSA","PersonName":"????","BizSN":"08c4f787-8186-453d-bed8-c38e67d8cf22","PersonID":"340406199905060016","Return":"ÂßìÂêç‰∏éË∫´‰ªΩËØÅÂè∑‰∏çÂåπÈÖç"}
2018-07-20 17:16:54  [ main:0 ] - [ WARN ]  ÔøΩÔøΩÔøΩÔøΩ
2018-07-20 17:17:15  [ main:20808 ] - [ WARN ]  {"SignatureValue":"aXq5xL9VtN1KxJrpMxrKl9lSKzLqoAuqGI4dqL/y5dw3EjEi6sSupral194luY2Rj5gXKDaFuh7kn/zPCjUofo2szC28IfnlYid0vgNp2e1rIEn82hhzZki3is8GzEZJDAPgmPXiB3zyfKz9TqI5JgqK0KUow+TErG91SdLVDV4=","Result":-503,"SignatureAlgorithm":"SHA256withRSA","PersonName":"????","BizSN":"e91c663c-6aec-4a49-97db-ef15923a7891","PersonID":"340406199905060016","Return":"ÂßìÂêç‰∏éË∫´‰ªΩËØÅÂè∑‰∏çÂåπÈÖç"}
2018-07-20 18:07:11  [ main:0 ] - [ WARN ]  ÔøΩÔøΩÔøΩÔøΩ
2018-07-20 18:17:13  [ main:602135 ] - [ WARN ]  {"SignatureValue":"P2AtDbkvWCHCfKHle31aU6yLMahzRnno1lw+YDy7q09pPZhkqMZ89uKHtOVQcMPC7vGNiv78niDlvybqS2608yhbKF0hbZ4/R8WkUE4Gyoa9R23rrG+tY27wLH9+cQ23LuXNqkLolTbwaJvb/X6OXfxeDtwQZFWtcelwUfhiWSY=","Result":0,"SignatureAlgorithm":"SHA256withRSA","PersonName":"≥¬÷Ò","BizSN":"71c15ec4-f687-4a14-862f-b00a3847c050","PersonID":"340406199905060016","Return":"œµÕ≥≈–∂œŒ™Õ¨“ª»À"}
2018-07-22 10:59:45  [ main:0 ] - [ WARN ]  ÔøΩÔøΩÔøΩÔøΩ
2018-07-22 11:04:20  [ main:0 ] - [ WARN ]  ÔøΩÔøΩÔøΩÔøΩ
2018-07-22 11:59:06  [ main:21449 ] - [ ERROR ]  Exception: 
java.net.ConnectException: Connection timed out: connect
	at java.net.DualStackPlainSocketImpl.connect0(Native Method)
	at java.net.DualStackPlainSocketImpl.socketConnect(DualStackPlainSocketImpl.java:79)
	at java.net.AbstractPlainSocketImpl.doConnect(AbstractPlainSocketImpl.java:350)
	at java.net.AbstractPlainSocketImpl.connectToAddress(AbstractPlainSocketImpl.java:206)
	at java.net.AbstractPlainSocketImpl.connect(AbstractPlainSocketImpl.java:188)
	at java.net.PlainSocketImpl.connect(PlainSocketImpl.java:172)
	at java.net.SocksSocketImpl.connect(SocksSocketImpl.java:392)
	at java.net.Socket.connect(Socket.java:589)
	at sun.security.ssl.SSLSocketImpl.connect(SSLSocketImpl.java:673)
	at sun.security.ssl.BaseSSLSocketImpl.connect(BaseSSLSocketImpl.java:173)
	at sun.net.NetworkClient.doConnect(NetworkClient.java:180)
	at sun.net.www.http.HttpClient.openServer(HttpClient.java:463)
	at sun.net.www.http.HttpClient.openServer(HttpClient.java:558)
	at sun.net.www.protocol.https.HttpsClient.<init>(HttpsClient.java:264)
	at sun.net.www.protocol.https.HttpsClient.New(HttpsClient.java:367)
	at sun.net.www.protocol.https.AbstractDelegateHttpsURLConnection.getNewHttpClient(AbstractDelegateHttpsURLConnection.java:191)
	at sun.net.www.protocol.http.HttpURLConnection.plainConnect0(HttpURLConnection.java:1156)
	at sun.net.www.protocol.http.HttpURLConnection.plainConnect(HttpURLConnection.java:1050)
	at sun.net.www.protocol.https.AbstractDelegateHttpsURLConnection.connect(AbstractDelegateHttpsURLConnection.java:177)
	at sun.net.www.protocol.http.HttpURLConnection.getOutputStream0(HttpURLConnection.java:1334)
	at sun.net.www.protocol.http.HttpURLConnection.getOutputStream(HttpURLConnection.java:1309)
	at sun.net.www.protocol.https.HttpsURLConnectionImpl.getOutputStream(HttpsURLConnectionImpl.java:259)
	at com.custle.sdk.common.util.UrlConnect.connectPostMethodExt(UrlConnect.java:101)
	at com.custle.sdk.common.util.UrlConnect.main(UrlConnect.java:203)
2018-07-22 11:59:27  [ main:0 ] - [ WARN ]  ÔøΩÔøΩÔøΩÔøΩ
2018-07-22 11:59:52  [ main:0 ] - [ WARN ]  ÔøΩÔøΩÔøΩÔøΩ
2018-07-22 11:59:53  [ main:1564 ] - [ WARN ]  {"SignatureValue":"ROHBkzfYybAXmYJUPUf8BFnmlaM9ewfs0i7zSh2JV9I5e4P2bdVom4DHoEyJrVJb2w/nVrmZSi8jCL5MVTASQ3R0uOYzvqIRFF6ZiV+yAayZgGhFhpBJE+Z1TE95dur+MHbozaoUCxYeSXhFSISqT0L8ZvjhaWpgNNSg08o85GQ=","Result":0,"SignatureAlgorithm":"SHA256withRSA","PersonName":"≥¬÷Ò","BizSN":"80d360b0-10c6-4ff2-8021-ef487c804523","PersonID":"340406199905060016","Return":"œµÕ≥≈–∂œŒ™Õ¨“ª»À"}
2018-07-22 12:00:44  [ main:0 ] - [ WARN ]  ÔøΩÔøΩÔøΩÔøΩ
2018-07-22 12:01:30  [ main:0 ] - [ WARN ]  ÔøΩÔøΩÔøΩÔøΩ
2018-07-22 12:02:02  [ main:0 ] - [ WARN ]  ÔøΩÔøΩÔøΩÔøΩ
2018-07-22 12:07:07  [ main:0 ] - [ WARN ]  ÔøΩÔøΩÔøΩÔøΩ
2018-07-22 12:07:12  [ main:5943 ] - [ WARN ]  {"SignatureValue":"Lo3LOe5pfbt6xaWUxwio0pna0zwddtP+dBxbDe9mr9eZocMBWOCLVGnAzURYApfnzZFyzxRPSFkvmBX9XmKgV2NBUkENwpPHlOCUgHGu8A9zfv6Mt7Vy4jtjozv55goj4bYae6LO6jRZ+B0+WPodXBc1Hn0rw0uG7V8wzLt3khY=","Result":-503,"SignatureAlgorithm":"SHA256withRSA","PersonName":"????","BizSN":"48c32c2a-d58e-4dd8-ba1c-462f87f46b41","PersonID":"340406199905060016","Return":"ÂßìÂêç‰∏éË∫´‰ªΩËØÅÂè∑‰∏çÂåπÈÖç"}
2018-07-22 12:08:31  [ main:0 ] - [ WARN ]  ÔøΩÔøΩÔøΩÔøΩ
2018-07-22 12:08:32  [ main:1253 ] - [ WARN ]  {"SignatureValue":"cIbBpfT0BULJOLXBuySbyFb6qx+bzpYuwqbX6w18aXSrVjX2nMePTXFsPIeX5JlDvsPItxrFxo+FTQ+6SuUM8qsUVNq5Uyfdfk3WDa0Hd/9GdPR4z3RyeVrLF8E5hiQ5/+3W+ZqwL3eQZR+c8E9mQ79iGmoDBr1B5XM0VmfjdXA=","Result":-503,"SignatureAlgorithm":"SHA256withRSA","PersonName":"????","BizSN":"0cec0ce6-8e57-46a6-acdf-4e3413825d25","PersonID":"340406199905060016","Return":"ÂßìÂêç‰∏éË∫´‰ªΩËØÅÂè∑‰∏çÂåπÈÖç"}
2018-07-22 12:08:48  [ main:0 ] - [ WARN ]  ÔøΩÔøΩÔøΩÔøΩ
2018-07-22 12:08:49  [ main:1204 ] - [ WARN ]  {"SignatureValue":"LHNsBCWcmGfO/GA/Uxxz+z+TcM6tqY7XRCNYp8hzW6LHIkA/fLY79l3udiYQJVDpsm3xPOaWnu+V7kVUjh1BwGbLHyu9wEPrL2AhejDFp+YHq2KVCHZ4XRcXl7m0K0R9Ob02dg7EStD7oHpCbtg7YsrawqMGZuvZzSfY1EAeYq8=","Result":-503,"SignatureAlgorithm":"SHA256withRSA","PersonName":"????","BizSN":"7bac5e88-ba85-4d9c-956d-91a48155ec5f","PersonID":"340406199905060016","Return":"ÂßìÂêç‰∏éË∫´‰ªΩËØÅÂè∑‰∏çÂåπÈÖç"}
2018-07-22 12:09:27  [ main:0 ] - [ WARN ]  ÔøΩÔøΩÔøΩÔøΩ
2018-07-22 12:09:28  [ main:1242 ] - [ WARN ]  {"SignatureValue":"GQNp9B+LXNXxDeYZsKkeEHB/Km3Qi3XF3gcQFUJdSMz8NuiLDGkYK1wiJeMLYNfT9TpkzSpC38jD2ySqqE0LG3OoggO1vqsHyKxvG3Unl1cIFKfnTKTp4MPfGpBkTkC+owebsMd0d63HjPG+uReK2YF8w/F0Z1kV6na+p7/+zmg=","Result":-93,"SignatureAlgorithm":"SHA256withRSA","PersonName":"","BizSN":"929cc4f5-4c1a-4f7b-afcc-de2b5632fbef","PersonID":"","Return":"Êé•ÂÖ•Â∫îÁî®Èâ¥ÊùÉÂ§±Ë¥•ÔºåÈ™åËØÅÁ≠æÂêçÈîôËØØ"}
2018-07-23 09:28:47  [ main:0 ] - [ WARN ]  ÔøΩÔøΩÔøΩÔøΩ
2018-07-23 09:28:52  [ main:4932 ] - [ WARN ]  {"SignatureValue":"Q9b2K6FsFaDsBNFv5mGgYN6+6gPUOYxcZQ31Vj9pY4KaSDB8cmiPByftjaxdft6AJWUlrGo81EB3j9B+HwmogY14VMKbRPToytqsJN84BiXvYLGdPpdQ2PAruG00Dajd2cBrr7vFc//G07GY36Nk23uwOqqPVRyoeaezRk2L7+8=","Result":-93,"SignatureAlgorithm":"SHA256withRSA","PersonName":"","BizSN":"e6b0e44b-0e71-4609-9d9c-51ffa96448ce","PersonID":"","Return":"Êé•ÂÖ•Â∫îÁî®Èâ¥ÊùÉÂ§±Ë¥•ÔºåÈ™åËØÅÁ≠æÂêçÈîôËØØ"}
2018-07-23 09:33:16  [ main:0 ] - [ WARN ]  ÔøΩÔøΩÔøΩÔøΩ
2018-07-23 09:33:20  [ main:4339 ] - [ WARN ]  {"SignatureValue":"P07uVtmazyq+DAktKtSd+TuRHlsboPPeKNe5uLljVsdAV1eIyhWUiwzbdMV3FzjNKUg6H8enMt4d6MdneVBzranzf5zYHe6akqFM+sWjNp5q5fUT/88H4Ud2irWacaMQqEN6QY3ebYWKCclUOsGsxPIO2/ia71cp34E++Qh13p0=","Result":0,"SignatureAlgorithm":"SHA256withRSA","PersonName":"≥¬÷Ò","BizSN":"40fb104a-e180-405a-9e16-1e5fd95bd606","PersonID":"340406199905060016","Return":"œµÕ≥≈–∂œŒ™Õ¨“ª»À"}
2018-07-23 09:37:54  [ main:0 ] - [ WARN ]  ÔøΩÔøΩÔøΩÔøΩ
2018-07-23 09:37:56  [ main:2268 ] - [ WARN ]  {"SignatureValue":"WlyO7NdNvogUOLjnasRfjnaYDP7TQXXbBHYNXeNE7yWKb1Q7JYqEUCWKudU6oXZoq5wnKDEFJZISOTtgpgZPtEycFNkpHJUlX6GME7IS+k+mSBAafWuAdbbU1D0iA+vDPnL6YrCu5ahsFG/+qztQMfVWfvtFokHNQh4s5YEcmA8=","Result":0,"SignatureAlgorithm":"SHA256withRSA","PersonName":"≥¬÷Ò","BizSN":"335e2b2c-1142-4825-b00d-f9837a9cf876","PersonID":"340406199905060016","Return":"œµÕ≥≈–∂œŒ™Õ¨“ª»À"}
2018-07-23 09:39:19  [ main:0 ] - [ WARN ]  ÔøΩÔøΩÔøΩÔøΩ
2018-07-23 09:39:22  [ main:3234 ] - [ WARN ]  {"SignatureValue":"JFjUklRQmlkh7svQpkT9EDyJhsy/eS7GACOr5n3cf04p5flmqtotwLieLGpCiAFVUOaSxEYf9JRrKt0uavmAYLeoWa1NtUWksg9g2iiwYjsFOF2avhdjM4UEtW8Q6jPL7DvC+4g31e0HoW87MedFE8B23LO9bN5wPfTdW0yQzZA=","Result":0,"SignatureAlgorithm":"SHA256withRSA","PersonName":"≥¬÷Ò","BizSN":"953f1bc5-ff74-4006-b6d2-6fc88d55eba5","PersonID":"340406199905060016","Return":"œµÕ≥≈–∂œŒ™Õ¨“ª»À"}
2018-07-23 10:09:26  [ main:0 ] - [ WARN ]  ÔøΩÔøΩÔøΩÔøΩ
2018-07-23 10:10:25  [ main:58829 ] - [ WARN ]  {"SignatureValue":"cn+cEc7waIBQ4LgCBHaXCvA5OJdT7vLvtXe2Ql4G+e+on/LvR8HD/v3CNViXqVY1Dr5a1odq8jRVD2/tPAMezPzO0BghISoTlSmYPdCrW/AvwQv2Z+sG4aPAhPPuZO5MzVp91fGiedhw7qppdPiAjr4TxpLw7aAWqIyCyWOQESU=","Result":0,"SignatureAlgorithm":"SHA256withRSA","PersonName":"≥¬÷Ò","BizSN":"902b57f8-5dac-4eeb-b407-942426cb7d9f","PersonID":"340406199905060016","Return":"œµÕ≥≈–∂œŒ™Õ¨“ª»À"}
2018-07-23 10:37:06  [ main:0 ] - [ WARN ]  ÔøΩÔøΩÔøΩÔøΩ
2018-07-23 10:37:09  [ main:3306 ] - [ WARN ]  {"SignatureValue":"VEXJpKEwHmJT39Bowby/+OAwjo+WOEjvLprXbObtcGawyKDWzN1wscsTBQo+1TghbwhD5FmlDu/zMDIHwdNwlNlOyXRoYsKIFi7dvRarHhv9QoZgEmIKJGIm4OZkDYFDQGI/tZinmQVMHjE992TborEAwjp5gKtwSmoTv5QWn2g=","Result":0,"SignatureAlgorithm":"SHA256withRSA","PersonName":"≥¬÷Ò","BizSN":"30ffd724-3742-465b-9434-0d22ae68b5bb","PersonID":"340406199905060016","Return":"œµÕ≥≈–∂œŒ™Õ¨“ª»À"}
2018-07-23 10:37:49  [ main:0 ] - [ WARN ]  ÔøΩÔøΩÔøΩÔøΩ
2018-07-23 10:38:07  [ main:18047 ] - [ WARN ]  {"SignatureValue":"MlYkEdSG8vaHX4lhDKppWIqMnjlQZR9aO8lzswyHX/hlbbm9FUJTQLjOHN7GRpJF9E/kXYRT9rS7sadQo5rpstlskBdRkPf1ypmSkKQrSSmNfbdmtt6G8O8a5nsF7pOnaTLtCK5GjM2WYoACEOe4R4tivi3QKNbFr3f4T3zrrjI=","Result":0,"SignatureAlgorithm":"SHA256withRSA","PersonName":"≥¬÷Ò","BizSN":"fdaa240f-7f61-4ffc-9907-d4b81c6ae66b","PersonID":"340406199905060016","Return":"œµÕ≥≈–∂œŒ™Õ¨“ª»À"}
2018-07-23 10:38:31  [ main:0 ] - [ WARN ]  ÔøΩÔøΩÔøΩÔøΩ
2018-07-23 10:38:33  [ main:1798 ] - [ WARN ]  {"SignatureValue":"OKyThLu+AspCJY4Vl3TBEN5GxT5VhwncGZ5NKM6Aoq4P2JYtLb/adhiTA5YmsnTdPM5UvX719ZJVlFUnJ2PJwIPHe9wsnwx2eKYB9TiIMcKq+dFUyatrT51C7MhmctONHWZzQ+8xukaAaZKNUaefR4tn0lFh0GaXkyQfKnUCPV8=","Result":0,"SignatureAlgorithm":"SHA256withRSA","PersonName":"≥¬÷Ò","BizSN":"0e02243e-c432-41d2-84cb-89e5f1f0b0a5","PersonID":"340406199905060016","Return":"œµÕ≥≈–∂œŒ™Õ¨“ª»À"}
2018-07-23 10:40:49  [ main:0 ] - [ WARN ]  ÔøΩÔøΩÔøΩÔøΩ
2018-07-23 10:44:09  [ main:199935 ] - [ ERROR ]  UnknownHostException: java.net.UnknownHostException: iiap.sheca.com
2018-07-23 10:49:07  [ main:0 ] - [ WARN ]  ÔøΩÔøΩÔøΩÔøΩ
2018-07-23 10:49:39  [ main:32768 ] - [ WARN ]  {"SignatureValue":"bE9EXdr6BD1FPEgDHD5vm/Mrl0AO1bP8Oj0AroxAD2Al2Pz8cjufZAwumhn8GUnefBeKik40pniZBsStlnWjTMP9yghOJo730iN2lTSqo7UYDKYZm1uNb23jS88MTSIDlaT9IovpdqcHyiltZK6h/5Rb0EHauP88FQgeRM26hp0=","Result":0,"SignatureAlgorithm":"SHA256withRSA","PersonName":"≥¬÷Ò","BizSN":"214fcb0d-0456-413f-8f64-ecd366e01be8","PersonID":"340406199905060016","Return":"œµÕ≥≈–∂œŒ™Õ¨“ª»À"}
2018-07-23 11:06:04  [ main:0 ] - [ WARN ]  ÔøΩÔøΩÔøΩÔøΩ
2018-07-23 11:06:26  [ main:22236 ] - [ WARN ]  {"SignatureValue":"GM81lWaZvg2OqRujio8+m6AQBRIFPiRVBQ2aU3sY+7O9Ib0ge57ZeR12fj1Zd8YwGZTpz3rwwqL/AH1n7FQ9C1OysCAIU7gBkKu7l42IqDXe+1vw7qnnd1+kd1z8bi5RWfVkV+nfx0hdISBhkHXhVO2nSXfrbVJv6gIdd3FPcCQ=","Result":0,"SignatureAlgorithm":"SHA256withRSA","PersonName":"≥¬÷Ò","BizSN":"e011508f-2d9a-485e-98b5-246a34218cef","PersonID":"340406199905060016","Return":"œµÕ≥≈–∂œŒ™Õ¨“ª»À"}
2018-07-23 11:07:29  [ main:0 ] - [ WARN ]  ÔøΩÔøΩÔøΩÔøΩ
2018-07-23 11:10:08  [ main:159629 ] - [ WARN ]  {"SignatureValue":"c49jJDW9+f+e/GINl34+W76goAvLX/p/ZH5T8MB+nsJdDvvJczIk4//EA5298+pkaW9eirFZkPTaD5PelxMF/jhccQ+NwXR6kpMS+BIJhUBa9KMieMcmmkfvQI9UyoWf9OW5eFEJgA75gz8FFheX2ut+2DcmwbAtXvDFAuNM+nc=","Result":0,"SignatureAlgorithm":"SHA256withRSA","PersonName":"≥¬÷Ò","BizSN":"229189ec-48f8-4837-a172-d7e37e45bc37","PersonID":"340406199905060016","Return":"œµÕ≥≈–∂œŒ™Õ¨“ª»À"}
2018-07-23 11:16:50  [ main:0 ] - [ WARN ]  ÔøΩÔøΩÔøΩÔøΩ
2018-07-23 11:17:30  [ main:39813 ] - [ WARN ]  {"SignatureValue":"VRyQxxxP/uiBDb8rBvDqfstNKRtV/CFz+MsUxyIbBLNlt+8PMdrvnEVWJNqIPwbphWl2ST893v/j1or8DQezSe9emsnafhzr6sMs9JWwS8Prre+nZk+hmsZHralErt13oeC0NQF/0sUUWf4pNzxm9Lr2Ms/ppi729hxgkPcs3sg=","Result":0,"SignatureAlgorithm":"SHA256withRSA","PersonName":"≥¬÷Ò","BizSN":"9afda118-9635-4745-86ee-23b060e8699b","PersonID":"340406199905060016","Return":"œµÕ≥≈–∂œŒ™Õ¨“ª»À"}
2018-07-23 11:21:54  [ main:0 ] - [ WARN ]  ÔøΩÔøΩÔøΩÔøΩ
2018-07-23 11:22:00  [ main:6618 ] - [ WARN ]  {"SignatureValue":"HeziyFWpr7bGDI1HOXqgpW28OmUYMqqHw3vkZ/F5wnr4TtMjdpBONsnN2sYkGdzAvOw4/XNssoGJLFE8AN7WJxHp/70WiGBTV93+HB6uqgojiac4KEoqDEmlX0mdUG5BUIok8DUYr1WBrCCY3rDbAZp8gGt/Iv501G7xPMNWqDU=","Result":0,"SignatureAlgorithm":"SHA256withRSA","PersonName":"≥¬÷Ò","BizSN":"ae142788-1718-4c6f-8bf5-da873b17631a","PersonID":"340406199905060016","Return":"œµÕ≥≈–∂œŒ™Õ¨“ª»À"}
2018-07-23 11:29:09  [ main:0 ] - [ WARN ]  ÔøΩÔøΩÔøΩÔøΩ
2018-07-23 11:29:39  [ main:30429 ] - [ WARN ]  {"SignatureValue":"Pkugz+7CJpBsU/PaHLmH01uThowiIsC/YH2mUczrmkxOXFKscGhTz9T/A6ED+H/OsaAlA+l7ClZ2mWyAWGkD5r4FfQv8J+NTvgOhu7ULQjGHTQaeXXw/iQXiPa35Npin54NpW4Pwab82gtF1o+OwurAbQIAR2ju+qpY6JaVNFAM=","Result":0,"SignatureAlgorithm":"SHA256withRSA","PersonName":"≥¬÷Ò","BizSN":"16d79ea4-38f4-401b-898c-071fff49ee7e","PersonID":"340406199905060016","Return":"œµÕ≥≈–∂œŒ™Õ¨“ª»À"}
2018-07-23 11:43:18  [ main:0 ] - [ WARN ]  ÔøΩÔøΩÔøΩÔøΩ
2018-07-23 11:43:20  [ main:1749 ] - [ WARN ]  {"SignatureValue":"EBX5sxMRf6i6fIiqO7mHTsAa0qR5GSbVq/YMvDEqDXY2YCDBtXdk49HtCwTkDzcyMnabTQqBBb/5mZikDomvw84qnVsznBa7oFm+hgIBhH94vmLXP8GWkWmalRpwcZO0RkiORrE0uliT2/VefRs0zSroz6qFbwMF+XBnJ3KlOdM=","Result":0,"SignatureAlgorithm":"SHA256withRSA","PersonName":"≥¬÷Ò","BizSN":"561228ba-aa5f-4de8-96cd-04a9ad08f269","PersonID":"340406199905060016","Return":"œµÕ≥≈–∂œŒ™Õ¨“ª»À"}
2018-07-23 11:53:21  [ main:0 ] - [ WARN ]  ÔøΩÔøΩÔøΩÔøΩ
2018-07-23 11:53:23  [ main:2335 ] - [ WARN ]  {"SignatureValue":"YXVE0iF9aPL8wu7TmTRxdcqs5Maw+MD4aIi2MrxxKt+I7f1SKRSfsfPgE1NyOXLTZp2Tp68IAHswgM0O4AaJRKDcLfNQsuqYvEQwcuCKn2L0x6q10cyvII1OQiTqXWwxBa11E4IhjBAvSGVNCkuDQOTA/alGagXPuC0XhmVMa7E=","Result":0,"SignatureAlgorithm":"SHA256withRSA","PersonName":"≥¬÷Ò","BizSN":"a445baf1-47e9-4f43-b45d-b0da130fce12","PersonID":"340406199905060016","Return":"œµÕ≥≈–∂œŒ™Õ¨“ª»À"}
2018-07-23 12:00:13  [ main:3 ] - [ WARN ]  {"SignatureValue":"CddQBvr3wcCB6NKzLxwTm8mmP6wXXxmGRyn/as1rIGzRa85ZBZxweuwnIuXcYEU9y8OMrPUpnzje19v5QsVeyqaoQz2hQ+62aoQWPaSJEWlCrLVd15f2APvComX64Wc4a10zcUMHh42uuM19jEBtRpWujtDQZHQrpa1xSZgfG8U=","Result":-93,"SignatureAlgorithm":"SHA256withRSA","PersonName":"","BizSN":"86c984ed-782f-407b-b40c-f77225ff28be","PersonID":"","Return":"Ω”»Î”¶”√º¯»® ß∞‹£¨—È÷§«©√˚¥ÌŒÛ"}
2018-07-23 12:00:52  [ main:0 ] - [ WARN ]  ÔøΩÔøΩÔøΩÔøΩ
2018-07-23 12:00:58  [ main:6234 ] - [ WARN ]  {"SignatureValue":"eQMIVp/1eIIAOpL1LoKq7Z4vqw0EO1pij/mywbgjZdkvctmB579Go+sF905i48rW3809XdFBviQ1PpF2jIUi0pCRNHQBUKC+MtrWF1SzID7SknYEblwv8n+LtVF1Vr+TMrdqmK3Hs2xH0XtS7pbWO1jIIIGBnaAuUK/tHXAUCuY=","Result":0,"SignatureAlgorithm":"SHA256withRSA","PersonName":"≥¬÷Ò","BizSN":"32492c69-31a7-486a-adcf-efda49c46038","PersonID":"340406199905060016","Return":"œµÕ≥≈–∂œŒ™Õ¨“ª»À"}
2018-07-23 12:01:34  [ main:3 ] - [ WARN ]  {"SignatureValue":"Y6rJFpT8jhu3PG79zm5/RwOo3VPiElNEWwTu8sgPmSFKU9S8lFFXi2nv0a1+5Nkd4ZuAvNxf/xd00a2LjZaadps7LnEaMYLcKwxDabx1UX3H1eqQmJv9iTGzgyiosUx5Yw0doCDX7/sONPoxziovxhYHVrgq/Y29XVtfV7tZhQo=","Result":0,"SignatureAlgorithm":"SHA256withRSA","PersonName":"≥¬÷Ò","BizSN":"ee9a923f-13c2-4838-a7d7-ca0e7ffe5331","PersonID":"340406199905060016","Return":"œµÕ≥≈–∂œŒ™Õ¨“ª»À"}
